<?xml version="1.0" encoding="UTF-8"?>
<!-- Generated by org.testng.reporters.JUnitReportReporter -->
<testsuite hostname="DESKTOP-M28N7Q9" failures="0" tests="2" name="qaclickacademy.Mavenjava.RESTAPItest" time="0.003" errors="0" timestamp="2022-07-18T12:54:34 ADT" skipped="0">
  <testcase classname="qaclickacademy.Mavenjava.RESTAPItest" name="posJira" time="0.000"/>
  <system-out/>
  <testcase classname="qaclickacademy.Mavenjava.RESTAPItest" name="deleteTwitter" time="0.003"/>
  <system-out/>
</testsuite> <!-- qaclickacademy.Mavenjava.RESTAPItest -->
